<?xml version="1.0" encoding="UTF-8"?>
<testsuite name="entry_test.Tester" tests="1" skipped="0" failures="0" errors="0" timestamp="2017-05-28T18:05:58" hostname="Zhulien-PC" time="0.002">
  <properties/>
  <testcase name="someTest" classname="entry_test.Tester" time="0.002"/>
  <system-out><![CDATA[]]></system-out>
  <system-err><![CDATA[]]></system-err>
</testsuite>
